<?xml version="1.0" encoding="UTF-8"?>
<coverage generated="1711345797249" clover="3.2.0">
  <project timestamp="1711345797249" name="All files">
    <metrics statements="52" coveredstatements="52" conditionals="17" coveredconditionals="17" methods="14" coveredmethods="14" elements="83" coveredelements="83" complexity="0" loc="52" ncloc="52" packages="1" files="8" classes="8"/>
    <file name="Bowman.js" path="C:\Users\lvany\Desktop\Constructor Set\src\js\Bowman.js">
      <metrics statements="1" coveredstatements="1" conditionals="0" coveredconditionals="0" methods="1" coveredmethods="1"/>
      <line num="5" count="9" type="stmt"/>
    </file>
    <file name="Character.js" path="C:\Users\lvany\Desktop\Constructor Set\src\js\Character.js">
      <metrics statements="37" coveredstatements="37" conditionals="15" coveredconditionals="15" methods="3" coveredmethods="3"/>
      <line num="3" count="60" type="stmt"/>
      <line num="5" count="60" type="cond" truecount="2" falsecount="0"/>
      <line num="6" count="6" type="stmt"/>
      <line num="8" count="54" type="cond" truecount="2" falsecount="0"/>
      <line num="9" count="6" type="stmt"/>
      <line num="12" count="48" type="stmt"/>
      <line num="13" count="48" type="stmt"/>
      <line num="14" count="48" type="stmt"/>
      <line num="15" count="48" type="cond" truecount="7" falsecount="0"/>
      <line num="17" count="7" type="stmt"/>
      <line num="18" count="7" type="stmt"/>
      <line num="19" count="7" type="stmt"/>
      <line num="21" count="7" type="stmt"/>
      <line num="22" count="7" type="stmt"/>
      <line num="23" count="7" type="stmt"/>
      <line num="25" count="7" type="stmt"/>
      <line num="26" count="7" type="stmt"/>
      <line num="27" count="7" type="stmt"/>
      <line num="29" count="12" type="stmt"/>
      <line num="30" count="12" type="stmt"/>
      <line num="31" count="12" type="stmt"/>
      <line num="33" count="7" type="stmt"/>
      <line num="34" count="7" type="stmt"/>
      <line num="35" count="7" type="stmt"/>
      <line num="37" count="7" type="stmt"/>
      <line num="38" count="7" type="stmt"/>
      <line num="39" count="7" type="stmt"/>
      <line num="41" count="1" type="stmt"/>
      <line num="46" count="25" type="cond" truecount="2" falsecount="0"/>
      <line num="47" count="1" type="stmt"/>
      <line num="50" count="24" type="stmt"/>
      <line num="51" count="24" type="stmt"/>
      <line num="52" count="24" type="stmt"/>
      <line num="53" count="24" type="stmt"/>
      <line num="57" count="6" type="stmt"/>
      <line num="58" count="6" type="cond" truecount="2" falsecount="0"/>
      <line num="59" count="1" type="stmt"/>
    </file>
    <file name="Daemon.js" path="C:\Users\lvany\Desktop\Constructor Set\src\js\Daemon.js">
      <metrics statements="1" coveredstatements="1" conditionals="0" coveredconditionals="0" methods="1" coveredmethods="1"/>
      <line num="5" count="10" type="stmt"/>
    </file>
    <file name="Magician.js" path="C:\Users\lvany\Desktop\Constructor Set\src\js\Magician.js">
      <metrics statements="1" coveredstatements="1" conditionals="0" coveredconditionals="0" methods="1" coveredmethods="1"/>
      <line num="5" count="9" type="stmt"/>
    </file>
    <file name="Swordsman.js" path="C:\Users\lvany\Desktop\Constructor Set\src\js\Swordsman.js">
      <metrics statements="1" coveredstatements="1" conditionals="0" coveredconditionals="0" methods="1" coveredmethods="1"/>
      <line num="5" count="9" type="stmt"/>
    </file>
    <file name="Team.js" path="C:\Users\lvany\Desktop\Constructor Set\src\js\Team.js">
      <metrics statements="9" coveredstatements="9" conditionals="2" coveredconditionals="2" methods="5" coveredmethods="5"/>
      <line num="3" count="3" type="stmt"/>
      <line num="7" count="3" type="cond" truecount="2" falsecount="0"/>
      <line num="8" count="1" type="stmt"/>
      <line num="10" count="2" type="stmt"/>
      <line num="15" count="1" type="stmt"/>
      <line num="16" count="2" type="stmt"/>
      <line num="21" count="1" type="stmt"/>
      <line num="22" count="2" type="stmt"/>
      <line num="23" count="1" type="stmt"/>
    </file>
    <file name="Undead.js" path="C:\Users\lvany\Desktop\Constructor Set\src\js\Undead.js">
      <metrics statements="1" coveredstatements="1" conditionals="0" coveredconditionals="0" methods="1" coveredmethods="1"/>
      <line num="5" count="9" type="stmt"/>
    </file>
    <file name="Zombie.js" path="C:\Users\lvany\Desktop\Constructor Set\src\js\Zombie.js">
      <metrics statements="1" coveredstatements="1" conditionals="0" coveredconditionals="0" methods="1" coveredmethods="1"/>
      <line num="5" count="9" type="stmt"/>
    </file>
  </project>
</coverage>
