{"C:\\Users\\lvany\\Desktop\\Constructor Set\\src\\js\\Bowman.js": {"path":"C:\\Users\\lvany\\Desktop\\Constructor Set\\src\\js\\Bowman.js","statementMap":{"0":{"start":{"line":5,"column":4},"end":{"line":5,"column":26}}},"fnMap":{"0":{"name":"(anonymous_0)","decl":{"start":{"line":4,"column":2},"end":{"line":4,"column":3}},"loc":{"start":{"line":4,"column":20},"end":{"line":6,"column":3}},"line":4}},"branchMap":{},"s":{"0":9},"f":{"0":9},"b":{},"_coverageSchema":"1a1c01bbd47fc00a2c39e90264f33305004495a9","hash":"6ea70dbad8f48e334e905e5a27798936962e73da"}
,"C:\\Users\\lvany\\Desktop\\Constructor Set\\src\\js\\Character.js": {"path":"C:\\Users\\lvany\\Desktop\\Constructor Set\\src\\js\\Character.js","statementMap":{"0":{"start":{"line":3,"column":4},"end":{"line":3,"column":21}},"1":{"start":{"line":5,"column":4},"end":{"line":7,"column":5}},"2":{"start":{"line":6,"column":6},"end":{"line":6,"column":65}},"3":{"start":{"line":8,"column":4},"end":{"line":10,"column":5}},"4":{"start":{"line":9,"column":6},"end":{"line":9,"column":66}},"5":{"start":{"line":12,"column":4},"end":{"line":12,"column":22}},"6":{"start":{"line":13,"column":4},"end":{"line":13,"column":19}},"7":{"start":{"line":14,"column":4},"end":{"line":14,"column":21}},"8":{"start":{"line":15,"column":4},"end":{"line":42,"column":5}},"9":{"start":{"line":17,"column":8},"end":{"line":17,"column":25}},"10":{"start":{"line":18,"column":8},"end":{"line":18,"column":25}},"11":{"start":{"line":19,"column":8},"end":{"line":19,"column":14}},"12":{"start":{"line":21,"column":8},"end":{"line":21,"column":25}},"13":{"start":{"line":22,"column":8},"end":{"line":22,"column":26}},"14":{"start":{"line":23,"column":8},"end":{"line":23,"column":14}},"15":{"start":{"line":25,"column":8},"end":{"line":25,"column":25}},"16":{"start":{"line":26,"column":8},"end":{"line":26,"column":26}},"17":{"start":{"line":27,"column":8},"end":{"line":27,"column":14}},"18":{"start":{"line":29,"column":8},"end":{"line":29,"column":25}},"19":{"start":{"line":30,"column":8},"end":{"line":30,"column":26}},"20":{"start":{"line":31,"column":8},"end":{"line":31,"column":14}},"21":{"start":{"line":33,"column":8},"end":{"line":33,"column":25}},"22":{"start":{"line":34,"column":8},"end":{"line":34,"column":26}},"23":{"start":{"line":35,"column":8},"end":{"line":35,"column":14}},"24":{"start":{"line":37,"column":8},"end":{"line":37,"column":25}},"25":{"start":{"line":38,"column":8},"end":{"line":38,"column":26}},"26":{"start":{"line":39,"column":8},"end":{"line":39,"column":14}},"27":{"start":{"line":41,"column":8},"end":{"line":41,"column":53}},"28":{"start":{"line":46,"column":4},"end":{"line":48,"column":5}},"29":{"start":{"line":47,"column":6},"end":{"line":47,"column":40}},"30":{"start":{"line":50,"column":4},"end":{"line":50,"column":17}},"31":{"start":{"line":51,"column":4},"end":{"line":51,"column":23}},"32":{"start":{"line":52,"column":4},"end":{"line":52,"column":24}},"33":{"start":{"line":53,"column":4},"end":{"line":53,"column":22}},"34":{"start":{"line":57,"column":4},"end":{"line":57,"column":53}},"35":{"start":{"line":58,"column":4},"end":{"line":60,"column":5}},"36":{"start":{"line":59,"column":6},"end":{"line":59,"column":22}}},"fnMap":{"0":{"name":"(anonymous_0)","decl":{"start":{"line":2,"column":2},"end":{"line":2,"column":3}},"loc":{"start":{"line":2,"column":26},"end":{"line":43,"column":3}},"line":2},"1":{"name":"(anonymous_1)","decl":{"start":{"line":45,"column":2},"end":{"line":45,"column":3}},"loc":{"start":{"line":45,"column":12},"end":{"line":54,"column":3}},"line":45},"2":{"name":"(anonymous_2)","decl":{"start":{"line":56,"column":2},"end":{"line":56,"column":3}},"loc":{"start":{"line":56,"column":17},"end":{"line":61,"column":3}},"line":56}},"branchMap":{"0":{"loc":{"start":{"line":5,"column":4},"end":{"line":7,"column":5}},"type":"if","locations":[{"start":{"line":5,"column":4},"end":{"line":7,"column":5}},{"start":{},"end":{}}],"line":5},"1":{"loc":{"start":{"line":8,"column":4},"end":{"line":10,"column":5}},"type":"if","locations":[{"start":{"line":8,"column":4},"end":{"line":10,"column":5}},{"start":{},"end":{}}],"line":8},"2":{"loc":{"start":{"line":15,"column":4},"end":{"line":42,"column":5}},"type":"switch","locations":[{"start":{"line":16,"column":6},"end":{"line":19,"column":14}},{"start":{"line":20,"column":6},"end":{"line":23,"column":14}},{"start":{"line":24,"column":6},"end":{"line":27,"column":14}},{"start":{"line":28,"column":6},"end":{"line":31,"column":14}},{"start":{"line":32,"column":6},"end":{"line":35,"column":14}},{"start":{"line":36,"column":6},"end":{"line":39,"column":14}},{"start":{"line":40,"column":6},"end":{"line":41,"column":53}}],"line":15},"3":{"loc":{"start":{"line":46,"column":4},"end":{"line":48,"column":5}},"type":"if","locations":[{"start":{"line":46,"column":4},"end":{"line":48,"column":5}},{"start":{},"end":{}}],"line":46},"4":{"loc":{"start":{"line":58,"column":4},"end":{"line":60,"column":5}},"type":"if","locations":[{"start":{"line":58,"column":4},"end":{"line":60,"column":5}},{"start":{},"end":{}}],"line":58}},"s":{"0":60,"1":60,"2":6,"3":54,"4":6,"5":48,"6":48,"7":48,"8":48,"9":7,"10":7,"11":7,"12":7,"13":7,"14":7,"15":7,"16":7,"17":7,"18":12,"19":12,"20":12,"21":7,"22":7,"23":7,"24":7,"25":7,"26":7,"27":1,"28":25,"29":1,"30":24,"31":24,"32":24,"33":24,"34":6,"35":6,"36":1},"f":{"0":60,"1":25,"2":6},"b":{"0":[6,54],"1":[6,48],"2":[7,7,7,12,7,7,1],"3":[1,24],"4":[1,5]},"_coverageSchema":"1a1c01bbd47fc00a2c39e90264f33305004495a9","hash":"14bf7d1367323ecf6613c230665b8e5486440182"}
,"C:\\Users\\lvany\\Desktop\\Constructor Set\\src\\js\\Daemon.js": {"path":"C:\\Users\\lvany\\Desktop\\Constructor Set\\src\\js\\Daemon.js","statementMap":{"0":{"start":{"line":5,"column":4},"end":{"line":5,"column":26}}},"fnMap":{"0":{"name":"(anonymous_0)","decl":{"start":{"line":4,"column":2},"end":{"line":4,"column":3}},"loc":{"start":{"line":4,"column":20},"end":{"line":6,"column":3}},"line":4}},"branchMap":{},"s":{"0":10},"f":{"0":10},"b":{},"_coverageSchema":"1a1c01bbd47fc00a2c39e90264f33305004495a9","hash":"dc03414a087d414fd5c1f164500eb37290950915"}
,"C:\\Users\\lvany\\Desktop\\Constructor Set\\src\\js\\Magician.js": {"path":"C:\\Users\\lvany\\Desktop\\Constructor Set\\src\\js\\Magician.js","statementMap":{"0":{"start":{"line":5,"column":4},"end":{"line":5,"column":28}}},"fnMap":{"0":{"name":"(anonymous_0)","decl":{"start":{"line":4,"column":2},"end":{"line":4,"column":3}},"loc":{"start":{"line":4,"column":20},"end":{"line":6,"column":3}},"line":4}},"branchMap":{},"s":{"0":9},"f":{"0":9},"b":{},"_coverageSchema":"1a1c01bbd47fc00a2c39e90264f33305004495a9","hash":"bc39159c1b10501c716f699a7f51a52930a9ee67"}
,"C:\\Users\\lvany\\Desktop\\Constructor Set\\src\\js\\Swordsman.js": {"path":"C:\\Users\\lvany\\Desktop\\Constructor Set\\src\\js\\Swordsman.js","statementMap":{"0":{"start":{"line":5,"column":4},"end":{"line":5,"column":29}}},"fnMap":{"0":{"name":"(anonymous_0)","decl":{"start":{"line":4,"column":2},"end":{"line":4,"column":3}},"loc":{"start":{"line":4,"column":20},"end":{"line":6,"column":3}},"line":4}},"branchMap":{},"s":{"0":9},"f":{"0":9},"b":{},"_coverageSchema":"1a1c01bbd47fc00a2c39e90264f33305004495a9","hash":"199207c762f440d92a6b6d25ab3e26a9977350a9"}
,"C:\\Users\\lvany\\Desktop\\Constructor Set\\src\\js\\Team.js": {"path":"C:\\Users\\lvany\\Desktop\\Constructor Set\\src\\js\\Team.js","statementMap":{"0":{"start":{"line":3,"column":6},"end":{"line":3,"column":31}},"1":{"start":{"line":7,"column":6},"end":{"line":11,"column":7}},"2":{"start":{"line":8,"column":10},"end":{"line":8,"column":68}},"3":{"start":{"line":10,"column":10},"end":{"line":10,"column":38}},"4":{"start":{"line":15,"column":6},"end":{"line":17,"column":7}},"5":{"start":{"line":16,"column":10},"end":{"line":16,"column":35}},"6":{"start":{"line":21,"column":25},"end":{"line":21,"column":27}},"7":{"start":{"line":22,"column":6},"end":{"line":22,"column":64}},"8":{"start":{"line":22,"column":39},"end":{"line":22,"column":62}},"9":{"start":{"line":23,"column":6},"end":{"line":23,"column":24}}},"fnMap":{"0":{"name":"(anonymous_0)","decl":{"start":{"line":2,"column":2},"end":{"line":2,"column":3}},"loc":{"start":{"line":2,"column":16},"end":{"line":4,"column":3}},"line":2},"1":{"name":"(anonymous_1)","decl":{"start":{"line":6,"column":2},"end":{"line":6,"column":3}},"loc":{"start":{"line":6,"column":17},"end":{"line":12,"column":3}},"line":6},"2":{"name":"(anonymous_2)","decl":{"start":{"line":14,"column":2},"end":{"line":14,"column":3}},"loc":{"start":{"line":14,"column":24},"end":{"line":18,"column":3}},"line":14},"3":{"name":"(anonymous_3)","decl":{"start":{"line":20,"column":2},"end":{"line":20,"column":3}},"loc":{"start":{"line":20,"column":12},"end":{"line":24,"column":3}},"line":20},"4":{"name":"(anonymous_4)","decl":{"start":{"line":22,"column":27},"end":{"line":22,"column":28}},"loc":{"start":{"line":22,"column":39},"end":{"line":22,"column":62}},"line":22}},"branchMap":{"0":{"loc":{"start":{"line":7,"column":6},"end":{"line":11,"column":7}},"type":"if","locations":[{"start":{"line":7,"column":6},"end":{"line":11,"column":7}},{"start":{"line":9,"column":13},"end":{"line":11,"column":7}}],"line":7}},"s":{"0":3,"1":3,"2":1,"3":2,"4":1,"5":2,"6":1,"7":1,"8":2,"9":1},"f":{"0":3,"1":3,"2":1,"3":1,"4":2},"b":{"0":[1,2]},"_coverageSchema":"1a1c01bbd47fc00a2c39e90264f33305004495a9","hash":"c362496ebc9e96b0da2ce0eda8ae7a8426e9b07c"}
,"C:\\Users\\lvany\\Desktop\\Constructor Set\\src\\js\\Undead.js": {"path":"C:\\Users\\lvany\\Desktop\\Constructor Set\\src\\js\\Undead.js","statementMap":{"0":{"start":{"line":5,"column":4},"end":{"line":5,"column":26}}},"fnMap":{"0":{"name":"(anonymous_0)","decl":{"start":{"line":4,"column":2},"end":{"line":4,"column":3}},"loc":{"start":{"line":4,"column":20},"end":{"line":6,"column":3}},"line":4}},"branchMap":{},"s":{"0":9},"f":{"0":9},"b":{},"_coverageSchema":"1a1c01bbd47fc00a2c39e90264f33305004495a9","hash":"3e666b0aa9cbc18098d6f77671a85c65df556589"}
,"C:\\Users\\lvany\\Desktop\\Constructor Set\\src\\js\\Zombie.js": {"path":"C:\\Users\\lvany\\Desktop\\Constructor Set\\src\\js\\Zombie.js","statementMap":{"0":{"start":{"line":5,"column":4},"end":{"line":5,"column":26}}},"fnMap":{"0":{"name":"(anonymous_0)","decl":{"start":{"line":4,"column":2},"end":{"line":4,"column":3}},"loc":{"start":{"line":4,"column":20},"end":{"line":6,"column":3}},"line":4}},"branchMap":{},"s":{"0":9},"f":{"0":9},"b":{},"_coverageSchema":"1a1c01bbd47fc00a2c39e90264f33305004495a9","hash":"106bf68d0f1a5acea8cf6a2264380b4cf93fe1fb"}
}
