TN:
SF:src\js\Bowman.js
FN:4,(anonymous_0)
FNF:1
FNH:1
FNDA:9,(anonymous_0)
DA:5,9
LF:1
LH:1
BRF:0
BRH:0
end_of_record
TN:
SF:src\js\Character.js
FN:2,(anonymous_0)
FN:45,(anonymous_1)
FN:56,(anonymous_2)
FNF:3
FNH:3
FNDA:60,(anonymous_0)
FNDA:25,(anonymous_1)
FNDA:6,(anonymous_2)
DA:3,60
DA:5,60
DA:6,6
DA:8,54
DA:9,6
DA:12,48
DA:13,48
DA:14,48
DA:15,48
DA:17,7
DA:18,7
DA:19,7
DA:21,7
DA:22,7
DA:23,7
DA:25,7
DA:26,7
DA:27,7
DA:29,12
DA:30,12
DA:31,12
DA:33,7
DA:34,7
DA:35,7
DA:37,7
DA:38,7
DA:39,7
DA:41,1
DA:46,25
DA:47,1
DA:50,24
DA:51,24
DA:52,24
DA:53,24
DA:57,6
DA:58,6
DA:59,1
LF:37
LH:37
BRDA:5,0,0,6
BRDA:5,0,1,54
BRDA:8,1,0,6
BRDA:8,1,1,48
BRDA:15,2,0,7
BRDA:15,2,1,7
BRDA:15,2,2,7
BRDA:15,2,3,12
BRDA:15,2,4,7
BRDA:15,2,5,7
BRDA:15,2,6,1
BRDA:46,3,0,1
BRDA:46,3,1,24
BRDA:58,4,0,1
BRDA:58,4,1,5
BRF:15
BRH:15
end_of_record
TN:
SF:src\js\Daemon.js
FN:4,(anonymous_0)
FNF:1
FNH:1
FNDA:10,(anonymous_0)
DA:5,10
LF:1
LH:1
BRF:0
BRH:0
end_of_record
TN:
SF:src\js\Magician.js
FN:4,(anonymous_0)
FNF:1
FNH:1
FNDA:9,(anonymous_0)
DA:5,9
LF:1
LH:1
BRF:0
BRH:0
end_of_record
TN:
SF:src\js\Swordsman.js
FN:4,(anonymous_0)
FNF:1
FNH:1
FNDA:9,(anonymous_0)
DA:5,9
LF:1
LH:1
BRF:0
BRH:0
end_of_record
TN:
SF:src\js\Team.js
FN:2,(anonymous_0)
FN:6,(anonymous_1)
FN:14,(anonymous_2)
FN:20,(anonymous_3)
FN:22,(anonymous_4)
FNF:5
FNH:5
FNDA:3,(anonymous_0)
FNDA:3,(anonymous_1)
FNDA:1,(anonymous_2)
FNDA:1,(anonymous_3)
FNDA:2,(anonymous_4)
DA:3,3
DA:7,3
DA:8,1
DA:10,2
DA:15,1
DA:16,2
DA:21,1
DA:22,2
DA:23,1
LF:9
LH:9
BRDA:7,0,0,1
BRDA:7,0,1,2
BRF:2
BRH:2
end_of_record
TN:
SF:src\js\Undead.js
FN:4,(anonymous_0)
FNF:1
FNH:1
FNDA:9,(anonymous_0)
DA:5,9
LF:1
LH:1
BRF:0
BRH:0
end_of_record
TN:
SF:src\js\Zombie.js
FN:4,(anonymous_0)
FNF:1
FNH:1
FNDA:9,(anonymous_0)
DA:5,9
LF:1
LH:1
BRF:0
BRH:0
end_of_record
